<?xml version="1.0" encoding="UTF-8"?>
<!-- Generated by org.testng.reporters.JUnitXMLReporter -->
<testsuite ignored="0" hostname="Wilfy_Ausus" failures="0" tests="3" name="RestAssuredNew" time="6.845" errors="0" timestamp="2024-06-10T15:40:24 IST">
  <testcase classname="TestCase.CreateBooking" name="createBooking" time="3.814"/>
  <testcase classname="TestCase.CreateBooking" name="createBooking" time="1.194"/>
  <testcase classname="TestCase.CreateBooking" name="createBooking" time="1.153"/>
</testsuite> <!-- RestAssuredNew -->
